生成启动时间为 2024/4/9 18:20:44。
     1>项目“C:\Users\Administrator\Desktop\CHR34XXX_vs_demo\CHR34XXX01\CHR34XXX01\CHR34XXX01.vcxproj”在节点 2 上(build 个目标)。
     1>InitializeBuildStatus:
         正在创建“Debug\CHR34XXX01.unsuccessfulbuild”，因为已指定“AlwaysCreate”。
       ClCompile:
         所有输出均为最新。
         d:\Program Files (x86)\Microsoft Visual Studio 10.0\VC\bin\CL.exe /c /ZI /nologo /W3 /WX- /Od /Oy- /D WIN32 /D _DEBUG /D _CONSOLE /D _UNICODE /D UNICODE /Gm /EHsc /RTC1 /MDd /GS /fp:precise /Zc:wchar_t /Zc:forScope /Yu"StdAfx.h" /Fp"Debug\CHR34XXX01.pch" /Fo"Debug\\" /Fd"Debug\vc100.pdb" /Gd /TP /analyze- /errorReport:prompt test.cpp
         test.cpp
     1>c:\users\administrator\desktop\chr34xxx_vs_demo\chr34xxx01\chr34xxx01\test.cpp(41): warning C4996: 'kbhit': The POSIX name for this item is deprecated. Instead, use the ISO C++ conformant name: _kbhit. See online help for details.
                 d:\program files (x86)\microsoft visual studio 10.0\vc\include\conio.h(130) : 参见“kbhit”的声明
     1>c:\users\administrator\desktop\chr34xxx_vs_demo\chr34xxx01\chr34xxx01\test.cpp(150): warning C4018: “<”: 有符号/无符号不匹配
     1>c:\users\administrator\desktop\chr34xxx_vs_demo\chr34xxx01\chr34xxx01\test.cpp(189): warning C4018: “<”: 有符号/无符号不匹配
     1>c:\users\administrator\desktop\chr34xxx_vs_demo\chr34xxx01\chr34xxx01\test.cpp(217): warning C4018: “<”: 有符号/无符号不匹配
     1>c:\users\administrator\desktop\chr34xxx_vs_demo\chr34xxx01\chr34xxx01\test.cpp(243): warning C4018: “<”: 有符号/无符号不匹配
       ManifestResourceCompile:
         所有输出均为最新。
       Link:
         d:\Program Files (x86)\Microsoft Visual Studio 10.0\VC\bin\link.exe /ERRORREPORT:PROMPT /OUT:"C:\Users\Administrator\Desktop\CHR34XXX_vs_demo\CHR34XXX01\Debug\CHR34XXX01.exe" /INCREMENTAL /NOLOGO kernel32.lib user32.lib gdi32.lib winspool.lib comdlg32.lib advapi32.lib shell32.lib ole32.lib oleaut32.lib uuid.lib odbc32.lib odbccp32.lib /MANIFEST /ManifestFile:"Debug\CHR34XXX01.exe.intermediate.manifest" /MANIFESTUAC:"level='asInvoker' uiAccess='false'" /DEBUG /PDB:"C:\Users\Administrator\Desktop\CHR34XXX_vs_demo\CHR34XXX01\Debug\CHR34XXX01.pdb" /SUBSYSTEM:CONSOLE /TLBID:1 /DYNAMICBASE /NXCOMPAT /IMPLIB:"C:\Users\Administrator\Desktop\CHR34XXX_vs_demo\CHR34XXX01\Debug\CHR34XXX01.lib" /MACHINE:X86 Debug\CHR34XXX01.exe.embed.manifest.res
         Debug\stdafx.obj
         Debug\test.obj
         ..\..\Lib\x86\CHR34XXX.lib
       Manifest:
         C:\Program Files (x86)\Microsoft SDKs\Windows\v7.0A\bin\mt.exe /nologo /verbose /out:"Debug\CHR34XXX01.exe.embed.manifest" /manifest Debug\CHR34XXX01.exe.intermediate.manifest
         所有输出均为最新。
       LinkEmbedManifest:
         所有输出均为最新。
         CHR34XXX01.vcxproj -> C:\Users\Administrator\Desktop\CHR34XXX_vs_demo\CHR34XXX01\Debug\CHR34XXX01.exe
       FinalizeBuildStatus:
         正在删除文件“Debug\CHR34XXX01.unsuccessfulbuild”。
         正在对“Debug\CHR34XXX01.lastbuildstate”执行 Touch 任务。
     1>已完成生成项目“C:\Users\Administrator\Desktop\CHR34XXX_vs_demo\CHR34XXX01\CHR34XXX01\CHR34XXX01.vcxproj”(build 个目标)的操作。

生成成功。

已用时间 00:00:00.87
